{"name": "test_wallet_popup", "status": "broken", "statusDetails": {"message": "selenium.common.exceptions.NoSuchElementException: Message: no such element: Unable to locate element: {\"method\":\"css selector\",\"selector\":\".wallet-list__search-container\"}\n  (Session info: chrome=128.0.6613.138); For documentation on this error, please visit: https://www.selenium.dev/documentation/webdriver/troubleshooting/errors#no-such-element-exception\nStacktrace:\n0   chromedriver                        0x000000010421e338 chromedriver + 5096248\n1   chromedriver                        0x0000000104215b6a chromedriver + 5061482\n2   chromedriver                        0x0000000103da0fd0 chromedriver + 389072\n3   chromedriver                        0x0000000103ded9ab chromedriver + 702891\n4   chromedriver                        0x0000000103dedab1 chromedriver + 703153\n5   chromedriver                        0x0000000103de23c6 chromedriver + 656326\n6   chromedriver                        0x0000000103e11f1d chromedriver + 851741\n7   chromedriver                        0x0000000103de2288 chromedriver + 656008\n8   chromedriver                        0x0000000103e120ae chromedriver + 852142\n9   chromedriver                        0x0000000103e2f250 chromedriver + 971344\n10  chromedriver                        0x0000000103e11c93 chromedriver + 851091\n11  chromedriver                        0x0000000103de0c79 chromedriver + 650361\n12  chromedriver                        0x0000000103de149e chromedriver + 652446\n13  chromedriver                        0x00000001041e10b0 chromedriver + 4845744\n14  chromedriver                        0x00000001041e5fc8 chromedriver + 4865992\n15  chromedriver                        0x00000001041e6695 chromedriver + 4867733\n16  chromedriver                        0x00000001041c3ce9 chromedriver + 4725993\n17  chromedriver                        0x00000001041e6989 chromedriver + 4868489\n18  chromedriver                        0x00000001041b5c04 chromedriver + 4668420\n19  chromedriver                        0x0000000104205e68 chromedriver + 4996712\n20  chromedriver                        0x0000000104206067 chromedriver + 4997223\n21  chromedriver                        0x000000010421576e chromedriver + 5060462\n22  libsystem_pthread.dylib             0x00007ff8020e618b _pthread_start + 99\n23  libsystem_pthread.dylib             0x00007ff8020e1ae3 thread_start + 15", "trace": "self = <tests.test_revenue_share.TestRevenueShare object at 0x1053e8880>\nopen_browser = <selenium.webdriver.chrome.webdriver.WebDriver (session=\"4ab16cef1ccbdb060574ade13d9b4a7f\")>\n\n    def test_wallet_popup(self, open_browser):\n        driver = open_browser\n        rev_share = RevenueShare(driver)\n        rev_share.click_on_connect_button()\n>       assert rev_share.is_pop_up_displayed(), 'popup is not opened '\n\ntest_revenue_share.py:18: \n_ _ _ _ _ _ _ _ _ _ _ _ _ _ _ _ _ _ _ _ _ _ _ _ _ _ _ _ _ _ _ _ _ _ _ _ _ _ _ _ \n../poms/pages/revenue_share.py:16: in is_pop_up_displayed\n    shadow_element = shadow_root.find_element(By.CSS_SELECTOR, \".wallet-list__search-container\")\n../../../Library/Python/3.9/lib/python/site-packages/selenium/webdriver/remote/shadowroot.py:53: in find_element\n    return self._execute(Command.FIND_ELEMENT_FROM_SHADOW_ROOT, {\"using\": by, \"value\": value})[\"value\"]\n../../../Library/Python/3.9/lib/python/site-packages/selenium/webdriver/remote/shadowroot.py:82: in _execute\n    return self.session.execute(command, params)\n../../../Library/Python/3.9/lib/python/site-packages/selenium/webdriver/remote/webdriver.py:347: in execute\n    self.error_handler.check_response(response)\n_ _ _ _ _ _ _ _ _ _ _ _ _ _ _ _ _ _ _ _ _ _ _ _ _ _ _ _ _ _ _ _ _ _ _ _ _ _ _ _ \n\nself = <selenium.webdriver.remote.errorhandler.ErrorHandler object at 0x1053c6df0>\nresponse = {'status': 404, 'value': '{\"value\":{\"error\":\"no such element\",\"message\":\"no such element: Unable to locate element: {\\...7ff8020e618b _pthread_start + 99\\\\n23  libsystem_pthread.dylib             0x00007ff8020e1ae3 thread_start + 15\\\\n\"}}'}\n\n    def check_response(self, response: Dict[str, Any]) -> None:\n        \"\"\"Checks that a JSON response from the WebDriver does not have an\n        error.\n    \n        :Args:\n         - response - The JSON response from the WebDriver server as a dictionary\n           object.\n    \n        :Raises: If the response contains an error message.\n        \"\"\"\n        status = response.get(\"status\", None)\n        if not status or status == ErrorCode.SUCCESS:\n            return\n        value = None\n        message = response.get(\"message\", \"\")\n        screen: str = response.get(\"screen\", \"\")\n        stacktrace = None\n        if isinstance(status, int):\n            value_json = response.get(\"value\", None)\n            if value_json and isinstance(value_json, str):\n                import json\n    \n                try:\n                    value = json.loads(value_json)\n                    if len(value) == 1:\n                        value = value[\"value\"]\n                    status = value.get(\"error\", None)\n                    if not status:\n                        status = value.get(\"status\", ErrorCode.UNKNOWN_ERROR)\n                        message = value.get(\"value\") or value.get(\"message\")\n                        if not isinstance(message, str):\n                            value = message\n                            message = message.get(\"message\")\n                    else:\n                        message = value.get(\"message\", None)\n                except ValueError:\n                    pass\n    \n        exception_class: Type[WebDriverException]\n        e = ErrorCode()\n        error_codes = [item for item in dir(e) if not item.startswith(\"__\")]\n        for error_code in error_codes:\n            error_info = getattr(ErrorCode, error_code)\n            if isinstance(error_info, list) and status in error_info:\n                exception_class = getattr(ExceptionMapping, error_code, WebDriverException)\n                break\n        else:\n            exception_class = WebDriverException\n    \n        if not value:\n            value = response[\"value\"]\n        if isinstance(value, str):\n            raise exception_class(value)\n        if message == \"\" and \"message\" in value:\n            message = value[\"message\"]\n    \n        screen = None  # type: ignore[assignment]\n        if \"screen\" in value:\n            screen = value[\"screen\"]\n    \n        stacktrace = None\n        st_value = value.get(\"stackTrace\") or value.get(\"stacktrace\")\n        if st_value:\n            if isinstance(st_value, str):\n                stacktrace = st_value.split(\"\\n\")\n            else:\n                stacktrace = []\n                try:\n                    for frame in st_value:\n                        line = frame.get(\"lineNumber\", \"\")\n                        file = frame.get(\"fileName\", \"<anonymous>\")\n                        if line:\n                            file = f\"{file}:{line}\"\n                        meth = frame.get(\"methodName\", \"<anonymous>\")\n                        if \"className\" in frame:\n                            meth = f\"{frame['className']}.{meth}\"\n                        msg = \"    at %s (%s)\"\n                        msg = msg % (meth, file)\n                        stacktrace.append(msg)\n                except TypeError:\n                    pass\n        if exception_class == UnexpectedAlertPresentException:\n            alert_text = None\n            if \"data\" in value:\n                alert_text = value[\"data\"].get(\"text\")\n            elif \"alert\" in value:\n                alert_text = value[\"alert\"].get(\"text\")\n            raise exception_class(message, screen, stacktrace, alert_text)  # type: ignore[call-arg]  # mypy is not smart enough here\n>       raise exception_class(message, screen, stacktrace)\nE       selenium.common.exceptions.NoSuchElementException: Message: no such element: Unable to locate element: {\"method\":\"css selector\",\"selector\":\".wallet-list__search-container\"}\nE         (Session info: chrome=128.0.6613.138); For documentation on this error, please visit: https://www.selenium.dev/documentation/webdriver/troubleshooting/errors#no-such-element-exception\nE       Stacktrace:\nE       0   chromedriver                        0x000000010421e338 chromedriver + 5096248\nE       1   chromedriver                        0x0000000104215b6a chromedriver + 5061482\nE       2   chromedriver                        0x0000000103da0fd0 chromedriver + 389072\nE       3   chromedriver                        0x0000000103ded9ab chromedriver + 702891\nE       4   chromedriver                        0x0000000103dedab1 chromedriver + 703153\nE       5   chromedriver                        0x0000000103de23c6 chromedriver + 656326\nE       6   chromedriver                        0x0000000103e11f1d chromedriver + 851741\nE       7   chromedriver                        0x0000000103de2288 chromedriver + 656008\nE       8   chromedriver                        0x0000000103e120ae chromedriver + 852142\nE       9   chromedriver                        0x0000000103e2f250 chromedriver + 971344\nE       10  chromedriver                        0x0000000103e11c93 chromedriver + 851091\nE       11  chromedriver                        0x0000000103de0c79 chromedriver + 650361\nE       12  chromedriver                        0x0000000103de149e chromedriver + 652446\nE       13  chromedriver                        0x00000001041e10b0 chromedriver + 4845744\nE       14  chromedriver                        0x00000001041e5fc8 chromedriver + 4865992\nE       15  chromedriver                        0x00000001041e6695 chromedriver + 4867733\nE       16  chromedriver                        0x00000001041c3ce9 chromedriver + 4725993\nE       17  chromedriver                        0x00000001041e6989 chromedriver + 4868489\nE       18  chromedriver                        0x00000001041b5c04 chromedriver + 4668420\nE       19  chromedriver                        0x0000000104205e68 chromedriver + 4996712\nE       20  chromedriver                        0x0000000104206067 chromedriver + 4997223\nE       21  chromedriver                        0x000000010421576e chromedriver + 5060462\nE       22  libsystem_pthread.dylib             0x00007ff8020e618b _pthread_start + 99\nE       23  libsystem_pthread.dylib             0x00007ff8020e1ae3 thread_start + 15\n\n../../../Library/Python/3.9/lib/python/site-packages/selenium/webdriver/remote/errorhandler.py:229: NoSuchElementException"}, "start": 1727082182843, "stop": 1727082183638, "uuid": "53f90cc4-2286-464e-be4d-38d0155325c0", "historyId": "f9405e40d042a27c50aec6ecd069d6c6", "testCaseId": "def2c0271893c068447e462d1b592def", "fullName": "tests.test_revenue_share.TestRevenueShare#test_wallet_popup", "labels": [{"name": "parentSuite", "value": "tests"}, {"name": "suite", "value": "test_revenue_share"}, {"name": "subSuite", "value": "TestRevenueShare"}, {"name": "host", "value": "C02CQ2ZPMD6M-AH"}, {"name": "thread", "value": "8617-MainThread"}, {"name": "framework", "value": "pytest"}, {"name": "language", "value": "cpython3"}, {"name": "package", "value": "tests.test_revenue_share"}]}